<?xml version="1.0" encoding="UTF-8"?>
<!-- Generated by org.testng.reporters.JUnitReportReporter -->
<testsuite skipped="0" hostname="LAPTOP-D0CIFDTL" name="pacakge1.Video_03_CreateBasicExtentReport" tests="1" failures="0" timestamp="2022-11-29T23:41:31 IST" time="2.158" errors="0">
  <testcase name="f" time="2.158" classname="pacakge1.Video_03_CreateBasicExtentReport"/>
  <system-out/>
</testsuite> <!-- pacakge1.Video_03_CreateBasicExtentReport -->
