<?xml version="1.0" encoding="UTF-8"?>
<!-- Generated by org.testng.reporters.JUnitReportReporter -->
<testsuite skipped="0" hostname="LAPTOP-D0CIFDTL" name="package3.Get_OS_And_SystemProperty" tests="1" failures="0" timestamp="2022-11-30T12:10:52 IST" time="4.023" errors="0">
  <testcase name="f" time="4.023" classname="package3.Get_OS_And_SystemProperty"/>
  <system-out/>
</testsuite> <!-- package3.Get_OS_And_SystemProperty -->
