<?xml version="1.0" encoding="UTF-8"?>
<!-- Generated by org.testng.reporters.JUnitReportReporter -->
<testsuite skipped="0" hostname="LAPTOP-D0CIFDTL" name="pacakge1.Video_05_LogDifferentTypesOfInformationToTheExtentReports" tests="1" failures="0" timestamp="2022-11-30T00:43:44 IST" time="1.359" errors="0">
  <testcase name="f" time="1.359" classname="pacakge1.Video_05_LogDifferentTypesOfInformationToTheExtentReports"/>
  <system-out/>
</testsuite> <!-- pacakge1.Video_05_LogDifferentTypesOfInformationToTheExtentReports -->
