<?xml version="1.0" encoding="UTF-8"?>
<!-- Generated by org.testng.reporters.JUnitReportReporter -->
<testsuite skipped="2" hostname="LAPTOP-D0CIFDTL" name="pacakge2.Video_08_ExtentReportConfigurationUsingJava_JSON_XML" tests="3" failures="0" timestamp="2022-11-30T11:51:45 IST" time="1.453" errors="0">
  <testcase name="ChangeExtentReportUIUsingXML" time="1.453" classname="pacakge2.Video_08_ExtentReportConfigurationUsingJava_JSON_XML"/>
  <system-out/>
  <testcase name="ChangeExtentReportUIUsingJAVA" classname="pacakge2.Video_08_ExtentReportConfigurationUsingJava_JSON_XML">
    <skipped/>
  </testcase> <!-- ChangeExtentReportUIUsingJAVA -->
  <system-out/>
  <testcase name="ChangeExtentReportUIUsingJSON" classname="pacakge2.Video_08_ExtentReportConfigurationUsingJava_JSON_XML">
    <skipped/>
  </testcase> <!-- ChangeExtentReportUIUsingJSON -->
  <system-out/>
</testsuite> <!-- pacakge2.Video_08_ExtentReportConfigurationUsingJava_JSON_XML -->
