<?xml version="1.0" encoding="UTF-8"?>
<!-- Generated by org.testng.reporters.JUnitReportReporter -->
<testsuite skipped="0" hostname="LAPTOP-D0CIFDTL" name="pacakge2.Video_06_DifferentAttributesAvailableForTestInExtentReport" tests="1" failures="0" timestamp="2022-11-30T09:09:21 IST" time="1.445" errors="0">
  <testcase name="f2" time="1.445" classname="pacakge2.Video_06_DifferentAttributesAvailableForTestInExtentReport"/>
  <system-out/>
</testsuite> <!-- pacakge2.Video_06_DifferentAttributesAvailableForTestInExtentReport -->
