<?xml version="1.0" encoding="UTF-8"?>
<!-- Generated by org.testng.reporters.JUnitReportReporter -->
<testsuite skipped="0" hostname="LAPTOP-D0CIFDTL" name="package3.Video_10_RemoveOrChangeOrderOfTabsInTheExtentReports" tests="1" failures="0" timestamp="2022-11-30T14:14:52 IST" time="1.232" errors="0">
  <testcase name="f" time="1.232" classname="package3.Video_10_RemoveOrChangeOrderOfTabsInTheExtentReports"/>
  <system-out/>
</testsuite> <!-- package3.Video_10_RemoveOrChangeOrderOfTabsInTheExtentReports -->
