<?xml version="1.0" encoding="UTF-8"?>
<!-- Generated by org.testng.reporters.JUnitReportReporter -->
<testsuite skipped="1" hostname="LAPTOP-D0CIFDTL" name="pacakge2.Video_05_AttachScreenshotsInExtentReport" tests="2" failures="0" timestamp="2022-11-30T01:18:44 IST" time="8.507" errors="0">
  <testcase name="f2" time="8.507" classname="pacakge2.Video_05_AttachScreenshotsInExtentReport"/>
  <system-out/>
  <testcase name="f" classname="pacakge2.Video_05_AttachScreenshotsInExtentReport">
    <skipped/>
  </testcase> <!-- f -->
  <system-out/>
</testsuite> <!-- pacakge2.Video_05_AttachScreenshotsInExtentReport -->
