<?xml version="1.0" encoding="UTF-8"?>
<!-- Generated by org.testng.reporters.JUnitReportReporter -->
<testsuite skipped="0" hostname="LAPTOP-D0CIFDTL" name="package3.Video_09_Add_System_Environment_InformationInExtentReport" tests="1" failures="0" timestamp="2022-11-30T12:22:55 IST" time="9.888" errors="0">
  <testcase name="ChangeExtentReportUIUsingJAVA" time="9.888" classname="package3.Video_09_Add_System_Environment_InformationInExtentReport"/>
  <system-out/>
</testsuite> <!-- package3.Video_09_Add_System_Environment_InformationInExtentReport -->
